Command line invocation:
    /Applications/Xcode.app/Contents/Developer/usr/bin/xcodebuild build -project VibeReal.xcodeproj -scheme VibeReal -destination generic/platform=iOS

Resolve Package Graph


Resolved source packages:
  Jinja: https://github.com/huggingface/swift-jinja.git @ 2.3.1
  swift-argument-parser: https://github.com/apple/swift-argument-parser.git @ 1.7.0
  swift-transformers: https://github.com/huggingface/swift-transformers.git @ 1.1.6
  swift-collections: https://github.com/apple/swift-collections.git @ 1.3.0
  whisperkit: https://github.com/argmaxinc/WhisperKit.git @ main (2870b46)

ComputePackagePrebuildTargetDependencyGraph

Prepare packages

CreateBuildRequest

SendProjectDescription

CreateBuildOperation

ComputeTargetDependencyGraph
note: Building targets in dependency order
note: Target dependency graph (13 targets)
    Target 'VibeReal' in project 'VibeReal'
        ➜ Explicit dependency on target 'WhisperKit' in project 'whisperkit'
    Target 'WhisperKit' in project 'whisperkit'
        ➜ Explicit dependency on target 'WhisperKit' in project 'whisperkit'
        ➜ Explicit dependency on target 'Hub' in project 'swift-transformers'
        ➜ Explicit dependency on target 'Tokenizers' in project 'swift-transformers'
    Target 'WhisperKit' in project 'whisperkit'
        ➜ Explicit dependency on target 'Hub' in project 'swift-transformers'
        ➜ Explicit dependency on target 'Tokenizers' in project 'swift-transformers'
    Target 'Tokenizers' in project 'swift-transformers'
        ➜ Explicit dependency on target 'Tokenizers' in project 'swift-transformers'
        ➜ Explicit dependency on target 'Hub' in project 'swift-transformers'
        ➜ Explicit dependency on target 'Jinja' in project 'Jinja'
        ➜ Explicit dependency on target 'OrderedCollections' in project 'swift-collections'
    Target 'Tokenizers' in project 'swift-transformers'
        ➜ Explicit dependency on target 'Hub' in project 'swift-transformers'
        ➜ Explicit dependency on target 'Jinja' in project 'Jinja'
        ➜ Explicit dependency on target 'OrderedCollections' in project 'swift-collections'
    Target 'Hub' in project 'swift-transformers'
        ➜ Explicit dependency on target 'Hub' in project 'swift-transformers'
        ➜ Explicit dependency on target 'swift-transformers_Hub' in project 'swift-transformers'
        ➜ Explicit dependency on target 'Jinja' in project 'Jinja'
        ➜ Explicit dependency on target 'OrderedCollections' in project 'swift-collections'
    Target 'Hub' in project 'swift-transformers'
        ➜ Explicit dependency on target 'swift-transformers_Hub' in project 'swift-transformers'
        ➜ Explicit dependency on target 'Jinja' in project 'Jinja'
        ➜ Explicit dependency on target 'OrderedCollections' in project 'swift-collections'
    Target 'Jinja' in project 'Jinja'
        ➜ Explicit dependency on target 'Jinja' in project 'Jinja'
        ➜ Explicit dependency on target 'OrderedCollections' in project 'swift-collections'
    Target 'Jinja' in project 'Jinja'
        ➜ Explicit dependency on target 'OrderedCollections' in project 'swift-collections'
    Target 'OrderedCollections' in project 'swift-collections'
        ➜ Explicit dependency on target 'OrderedCollections' in project 'swift-collections'
        ➜ Explicit dependency on target 'InternalCollectionsUtilities' in project 'swift-collections'
    Target 'OrderedCollections' in project 'swift-collections'
        ➜ Explicit dependency on target 'InternalCollectionsUtilities' in project 'swift-collections'
    Target 'InternalCollectionsUtilities' in project 'swift-collections' (no dependencies)
    Target 'swift-transformers_Hub' in project 'swift-transformers' (no dependencies)

GatherProvisioningInputs

CreateBuildDescription

ExecuteExternalTool /Applications/Xcode.app/Contents/Developer/Toolchains/XcodeDefault.xctoolchain/usr/bin/swiftc --version

ExecuteExternalTool /Applications/Xcode.app/Contents/Developer/Toolchains/XcodeDefault.xctoolchain/usr/bin/clang -v -E -dM -isysroot /Applications/Xcode.app/Contents/Developer/Platforms/iPhoneOS.platform/Developer/SDKs/iPhoneOS26.2.sdk -x c -c /dev/null

ExecuteExternalTool /Applications/Xcode.app/Contents/Developer/usr/bin/momc --dry-run --action generate --swift-version 5.0 --sdkroot /Applications/Xcode.app/Contents/Developer/Platforms/iPhoneOS.platform/Developer/SDKs/iPhoneOS26.2.sdk --iphoneos-deployment-target 17.0 --module VibeReal /Users/tranmanh/Desktop/LEARN/code/VibeReal/VibeReal/VibeReal.xcdatamodeld /Users/tranmanh/Desktop/LEARN/code/VibeReal/Build/Intermediates.noindex/VibeReal.build/Debug-iphoneos/VibeReal.build/DerivedSources/CoreDataGenerated/VibeReal

ExecuteExternalTool /Applications/Xcode.app/Contents/Developer/usr/bin/actool --print-asset-tag-combinations --output-format xml1 /Users/tranmanh/Desktop/LEARN/code/VibeReal/VibeReal/Assets.xcassets

ExecuteExternalTool /Applications/Xcode.app/Contents/Developer/usr/bin/actool --version --output-format xml1

ExecuteExternalTool /Applications/Xcode.app/Contents/Developer/Toolchains/XcodeDefault.xctoolchain/usr/bin/ld -version_details

ReadFileContents /Applications/Xcode.app/Contents/Developer/Toolchains/XcodeDefault.xctoolchain/usr/share/docc/features.json

Build description signature: 9ca82cbac2f67596927ed4270c6b2a04
Build description path: /Users/tranmanh/Desktop/LEARN/code/VibeReal/Build/Intermediates.noindex/XCBuildData/9ca82cbac2f67596927ed4270c6b2a04.xcbuilddata
ClangStatCache /Applications/Xcode.app/Contents/Developer/Toolchains/XcodeDefault.xctoolchain/usr/bin/clang-stat-cache /Applications/Xcode.app/Contents/Developer/Platforms/iPhoneOS.platform/Developer/SDKs/iPhoneOS26.2.sdk /Users/tranmanh/Library/Developer/Xcode/DerivedData/SDKStatCaches.noindex/iphoneos26.2-23C53-3794476bd08197c3e2abd9bb477ef7f7.sdkstatcache
    cd /Users/tranmanh/Desktop/LEARN/code/VibeReal/VibeReal.xcodeproj
    /Applications/Xcode.app/Contents/Developer/Toolchains/XcodeDefault.xctoolchain/usr/bin/clang-stat-cache /Applications/Xcode.app/Contents/Developer/Platforms/iPhoneOS.platform/Developer/SDKs/iPhoneOS26.2.sdk -o /Users/tranmanh/Library/Developer/Xcode/DerivedData/SDKStatCaches.noindex/iphoneos26.2-23C53-3794476bd08197c3e2abd9bb477ef7f7.sdkstatcache

ProcessInfoPlistFile /Users/tranmanh/Desktop/LEARN/code/VibeReal/Build/Products/Debug-iphoneos/swift-transformers_Hub.bundle/Info.plist /Users/tranmanh/Desktop/LEARN/code/VibeReal/Build/Intermediates.noindex/swift-transformers.build/Debug-iphoneos/swift-transformers_Hub.build/empty-swift-transformers_Hub.plist (in target 'swift-transformers_Hub' from project 'swift-transformers')
    cd /Users/tranmanh/Library/Developer/Xcode/DerivedData/VibeReal-fhmrblershmhyqgwbnzhmphodnbi/SourcePackages/checkouts/swift-transformers
    builtin-infoPlistUtility /Users/tranmanh/Desktop/LEARN/code/VibeReal/Build/Intermediates.noindex/swift-transformers.build/Debug-iphoneos/swift-transformers_Hub.build/empty-swift-transformers_Hub.plist -producttype com.apple.product-type.bundle -expandbuildsettings -format binary -platform iphoneos -requiredArchitecture arm64 -o /Users/tranmanh/Desktop/LEARN/code/VibeReal/Build/Products/Debug-iphoneos/swift-transformers_Hub.bundle/Info.plist

SwiftDriver VibeReal normal arm64 com.apple.xcode.tools.swift.compiler (in target 'VibeReal' from project 'VibeReal')
    cd /Users/tranmanh/Desktop/LEARN/code/VibeReal
    builtin-SwiftDriver -- /Applications/Xcode.app/Contents/Developer/Toolchains/XcodeDefault.xctoolchain/usr/bin/swiftc -module-name VibeReal -Onone -enforce-exclusivity\=checked @/Users/tranmanh/Desktop/LEARN/code/VibeReal/Build/Intermediates.noindex/VibeReal.build/Debug-iphoneos/VibeReal.build/Objects-normal/arm64/VibeReal.SwiftFileList -DDEBUG -default-isolation\=MainActor -enable-bare-slash-regex -enable-upcoming-feature DisableOutwardActorInference -enable-upcoming-feature InferSendableFromCaptures -enable-upcoming-feature GlobalActorIsolatedTypesUsability -enable-upcoming-feature MemberImportVisibility -enable-upcoming-feature InferIsolatedConformances -enable-upcoming-feature NonisolatedNonsendingByDefault -enable-experimental-feature DebugDescriptionMacro -sdk /Applications/Xcode.app/Contents/Developer/Platforms/iPhoneOS.platform/Developer/SDKs/iPhoneOS26.2.sdk -target arm64-apple-ios17.0 -g -module-cache-path /Users/tranmanh/Library/Developer/Xcode/DerivedData/ModuleCache.noindex -Xfrontend -serialize-debugging-options -profile-coverage-mapping -profile-generate -enable-testing -index-store-path /Users/tranmanh/Library/Developer/Xcode/DerivedData/VibeReal-fhmrblershmhyqgwbnzhmphodnbi/Index.noindex/DataStore -Xcc -D_LIBCPP_HARDENING_MODE\=_LIBCPP_HARDENING_MODE_DEBUG -swift-version 5 -I /Users/tranmanh/Desktop/LEARN/code/VibeReal/Build/Products/Debug-iphoneos -F /Users/tranmanh/Desktop/LEARN/code/VibeReal/Build/Products/Debug-iphoneos/PackageFrameworks -F /Users/tranmanh/Desktop/LEARN/code/VibeReal/Build/Products/Debug-iphoneos/PackageFrameworks -F /Users/tranmanh/Desktop/LEARN/code/VibeReal/Build/Products/Debug-iphoneos/PackageFrameworks -F /Users/tranmanh/Desktop/LEARN/code/VibeReal/Build/Products/Debug-iphoneos/PackageFrameworks -F /Users/tranmanh/Desktop/LEARN/code/VibeReal/Build/Products/Debug-iphoneos/PackageFrameworks -F /Users/tranmanh/Desktop/LEARN/code/VibeReal/Build/Products/Debug-iphoneos/PackageFrameworks -F /Users/tranmanh/Desktop/LEARN/code/VibeReal/Build/Products/Debug-iphoneos -emit-localized-strings -emit-localized-strings-path /Users/tranmanh/Desktop/LEARN/code/VibeReal/Build/Intermediates.noindex/VibeReal.build/Debug-iphoneos/VibeReal.build/Objects-normal/arm64 -c -j8 -enable-batch-mode -incremental -Xcc -ivfsstatcache -Xcc /Users/tranmanh/Library/Developer/Xcode/DerivedData/SDKStatCaches.noindex/iphoneos26.2-23C53-3794476bd08197c3e2abd9bb477ef7f7.sdkstatcache -output-file-map /Users/tranmanh/Desktop/LEARN/code/VibeReal/Build/Intermediates.noindex/VibeReal.build/Debug-iphoneos/VibeReal.build/Objects-normal/arm64/VibeReal-OutputFileMap.json -use-frontend-parseable-output -save-temps -no-color-diagnostics -explicit-module-build -module-cache-path /Users/tranmanh/Desktop/LEARN/code/VibeReal/Build/Intermediates.noindex/SwiftExplicitPrecompiledModules -clang-scanner-module-cache-path /Users/tranmanh/Library/Developer/Xcode/DerivedData/ModuleCache.noindex -sdk-module-cache-path /Users/tranmanh/Library/Developer/Xcode/DerivedData/ModuleCache.noindex -serialize-diagnostics -emit-dependencies -emit-module -emit-module-path /Users/tranmanh/Desktop/LEARN/code/VibeReal/Build/Intermediates.noindex/VibeReal.build/Debug-iphoneos/VibeReal.build/Objects-normal/arm64/VibeReal.swiftmodule -validate-clang-modules-once -clang-build-session-file /Users/tranmanh/Library/Developer/Xcode/DerivedData/ModuleCache.noindex/Session.modulevalidation -Xcc -I/Users/tranmanh/Desktop/LEARN/code/VibeReal/Build/Intermediates.noindex/VibeReal.build/Debug-iphoneos/VibeReal.build/swift-overrides.hmap -emit-const-values -Xfrontend -const-gather-protocols-file -Xfrontend /Users/tranmanh/Desktop/LEARN/code/VibeReal/Build/Intermediates.noindex/VibeReal.build/Debug-iphoneos/VibeReal.build/Objects-normal/arm64/VibeReal_const_extract_protocols.json -Xcc -iquote -Xcc /Users/tranmanh/Desktop/LEARN/code/VibeReal/Build/Intermediates.noindex/VibeReal.build/Debug-iphoneos/VibeReal.build/VibeReal-generated-files.hmap -Xcc -I/Users/tranmanh/Desktop/LEARN/code/VibeReal/Build/Intermediates.noindex/VibeReal.build/Debug-iphoneos/VibeReal.build/VibeReal-own-target-headers.hmap -Xcc -I/Users/tranmanh/Desktop/LEARN/code/VibeReal/Build/Intermediates.noindex/VibeReal.build/Debug-iphoneos/VibeReal.build/VibeReal-all-non-framework-target-headers.hmap -Xcc -ivfsoverlay -Xcc /Users/tranmanh/Desktop/LEARN/code/VibeReal/Build/Intermediates.noindex/VibeReal.build/Debug-iphoneos/VibeReal-353f0c53502bcb61114956b40a1ff005-VFS-iphoneos/all-product-headers.yaml -Xcc -iquote -Xcc /Users/tranmanh/Desktop/LEARN/code/VibeReal/Build/Intermediates.noindex/VibeReal.build/Debug-iphoneos/VibeReal.build/VibeReal-project-headers.hmap -Xcc -I/Users/tranmanh/Desktop/LEARN/code/VibeReal/Build/Products/Debug-iphoneos/include -Xcc -I/Users/tranmanh/Desktop/LEARN/code/VibeReal/Build/Intermediates.noindex/VibeReal.build/Debug-iphoneos/VibeReal.build/DerivedSources-normal/arm64 -Xcc -I/Users/tranmanh/Desktop/LEARN/code/VibeReal/Build/Intermediates.noindex/VibeReal.build/Debug-iphoneos/VibeReal.build/DerivedSources/arm64 -Xcc -I/Users/tranmanh/Desktop/LEARN/code/VibeReal/Build/Intermediates.noindex/VibeReal.build/Debug-iphoneos/VibeReal.build/DerivedSources -Xcc -DDEBUG\=1 -emit-objc-header -emit-objc-header-path /Users/tranmanh/Desktop/LEARN/code/VibeReal/Build/Intermediates.noindex/VibeReal.build/Debug-iphoneos/VibeReal.build/Objects-normal/arm64/VibeReal-Swift.h -working-directory /Users/tranmanh/Desktop/LEARN/code/VibeReal -experimental-emit-module-separately -disable-cmo

ProcessInfoPlistFile /Users/tranmanh/Desktop/LEARN/code/VibeReal/Build/Products/Debug-iphoneos/VibeReal.app/Info.plist /Users/tranmanh/Desktop/LEARN/code/VibeReal/Build/Intermediates.noindex/VibeReal.build/Debug-iphoneos/VibeReal.build/empty-VibeReal.plist (in target 'VibeReal' from project 'VibeReal')
    cd /Users/tranmanh/Desktop/LEARN/code/VibeReal
    builtin-infoPlistUtility /Users/tranmanh/Desktop/LEARN/code/VibeReal/Build/Intermediates.noindex/VibeReal.build/Debug-iphoneos/VibeReal.build/empty-VibeReal.plist -producttype com.apple.product-type.application -genpkginfo /Users/tranmanh/Desktop/LEARN/code/VibeReal/Build/Products/Debug-iphoneos/VibeReal.app/PkgInfo -expandbuildsettings -format binary -platform iphoneos -additionalcontentfile /Users/tranmanh/Desktop/LEARN/code/VibeReal/Build/Intermediates.noindex/VibeReal.build/Debug-iphoneos/VibeReal.build/assetcatalog_generated_info.plist -scanforprivacyfile /Users/tranmanh/Desktop/LEARN/code/VibeReal/Build/Products/Debug-iphoneos/VibeReal.app/swift-transformers_Hub.bundle -requiredArchitecture arm64 -o /Users/tranmanh/Desktop/LEARN/code/VibeReal/Build/Products/Debug-iphoneos/VibeReal.app/Info.plist

SwiftCompile normal arm64 Compiling\ ContentView.swift /Users/tranmanh/Desktop/LEARN/code/VibeReal/VibeReal/ContentView.swift (in target 'VibeReal' from project 'VibeReal')

SwiftCompile normal arm64 /Users/tranmanh/Desktop/LEARN/code/VibeReal/VibeReal/ContentView.swift (in target 'VibeReal' from project 'VibeReal')
    cd /Users/tranmanh/Desktop/LEARN/code/VibeReal
    
/Users/tranmanh/Desktop/LEARN/code/VibeReal/VibeReal/ContentView.swift:166:21: warning: reference to captured var 'self' in concurrently-executing code; this is an error in the Swift 6 language mode
                    self?.finalizeCurrentBubbleAndPrepareNext()
                    ^
/Users/tranmanh/Desktop/LEARN/code/VibeReal/VibeReal/ContentView.swift:253:45: warning: 'requestRecordPermission' was deprecated in iOS 17.0: Please use AVAudioApplication requestRecordPermissionWithCompletionHandler
            AVAudioSession.sharedInstance().requestRecordPermission { granted in
                                            ^
/Users/tranmanh/Desktop/LEARN/code/VibeReal/VibeReal/ContentView.swift:321:55: warning: reference to captured var 'lastTextCount' in concurrently-executing code; this is an error in the Swift 6 language mode
                                if latestText.count > lastTextCount {
                                                      ^
/Users/tranmanh/Desktop/LEARN/code/VibeReal/VibeReal/ContentView.swift:323:37: warning: mutation of captured var 'lastTextCount' in concurrently-executing code; this is an error in the Swift 6 language mode
                                    lastTextCount = latestText.count
                                    ^
/Users/tranmanh/Desktop/LEARN/code/VibeReal/VibeReal/ContentView.swift:346:105: warning: variable 'self' was written to, but never read
        silenceTimer = Timer.scheduledTimer(withTimeInterval: silenceThreshold, repeats: false) { [weak self] _ in
                                                                                                        ^
/Users/tranmanh/Desktop/LEARN/code/VibeReal/VibeReal/ContentView.swift:461:22: warning: 'onChange(of:perform:)' was deprecated in iOS 17.0: Use `onChange` with a two or zero parameter action closure instead.
                    .onChange(of: streamer.conversation) { _ in
                     ^

SwiftEmitModule normal arm64 Emitting\ module\ for\ VibeReal (in target 'VibeReal' from project 'VibeReal')

EmitSwiftModule normal arm64 (in target 'VibeReal' from project 'VibeReal')
    cd /Users/tranmanh/Desktop/LEARN/code/VibeReal
    

SwiftDriverJobDiscovery normal arm64 Emitting module for VibeReal (in target 'VibeReal' from project 'VibeReal')

SwiftDriver\ Compilation\ Requirements VibeReal normal arm64 com.apple.xcode.tools.swift.compiler (in target 'VibeReal' from project 'VibeReal')
    cd /Users/tranmanh/Desktop/LEARN/code/VibeReal
    builtin-Swift-Compilation-Requirements -- /Applications/Xcode.app/Contents/Developer/Toolchains/XcodeDefault.xctoolchain/usr/bin/swiftc -module-name VibeReal -Onone -enforce-exclusivity\=checked @/Users/tranmanh/Desktop/LEARN/code/VibeReal/Build/Intermediates.noindex/VibeReal.build/Debug-iphoneos/VibeReal.build/Objects-normal/arm64/VibeReal.SwiftFileList -DDEBUG -default-isolation\=MainActor -enable-bare-slash-regex -enable-upcoming-feature DisableOutwardActorInference -enable-upcoming-feature InferSendableFromCaptures -enable-upcoming-feature GlobalActorIsolatedTypesUsability -enable-upcoming-feature MemberImportVisibility -enable-upcoming-feature InferIsolatedConformances -enable-upcoming-feature NonisolatedNonsendingByDefault -enable-experimental-feature DebugDescriptionMacro -sdk /Applications/Xcode.app/Contents/Developer/Platforms/iPhoneOS.platform/Developer/SDKs/iPhoneOS26.2.sdk -target arm64-apple-ios17.0 -g -module-cache-path /Users/tranmanh/Library/Developer/Xcode/DerivedData/ModuleCache.noindex -Xfrontend -serialize-debugging-options -profile-coverage-mapping -profile-generate -enable-testing -index-store-path /Users/tranmanh/Library/Developer/Xcode/DerivedData/VibeReal-fhmrblershmhyqgwbnzhmphodnbi/Index.noindex/DataStore -Xcc -D_LIBCPP_HARDENING_MODE\=_LIBCPP_HARDENING_MODE_DEBUG -swift-version 5 -I /Users/tranmanh/Desktop/LEARN/code/VibeReal/Build/Products/Debug-iphoneos -F /Users/tranmanh/Desktop/LEARN/code/VibeReal/Build/Products/Debug-iphoneos/PackageFrameworks -F /Users/tranmanh/Desktop/LEARN/code/VibeReal/Build/Products/Debug-iphoneos/PackageFrameworks -F /Users/tranmanh/Desktop/LEARN/code/VibeReal/Build/Products/Debug-iphoneos/PackageFrameworks -F /Users/tranmanh/Desktop/LEARN/code/VibeReal/Build/Products/Debug-iphoneos/PackageFrameworks -F /Users/tranmanh/Desktop/LEARN/code/VibeReal/Build/Products/Debug-iphoneos/PackageFrameworks -F /Users/tranmanh/Desktop/LEARN/code/VibeReal/Build/Products/Debug-iphoneos/PackageFrameworks -F /Users/tranmanh/Desktop/LEARN/code/VibeReal/Build/Products/Debug-iphoneos -emit-localized-strings -emit-localized-strings-path /Users/tranmanh/Desktop/LEARN/code/VibeReal/Build/Intermediates.noindex/VibeReal.build/Debug-iphoneos/VibeReal.build/Objects-normal/arm64 -c -j8 -enable-batch-mode -incremental -Xcc -ivfsstatcache -Xcc /Users/tranmanh/Library/Developer/Xcode/DerivedData/SDKStatCaches.noindex/iphoneos26.2-23C53-3794476bd08197c3e2abd9bb477ef7f7.sdkstatcache -output-file-map /Users/tranmanh/Desktop/LEARN/code/VibeReal/Build/Intermediates.noindex/VibeReal.build/Debug-iphoneos/VibeReal.build/Objects-normal/arm64/VibeReal-OutputFileMap.json -use-frontend-parseable-output -save-temps -no-color-diagnostics -explicit-module-build -module-cache-path /Users/tranmanh/Desktop/LEARN/code/VibeReal/Build/Intermediates.noindex/SwiftExplicitPrecompiledModules -clang-scanner-module-cache-path /Users/tranmanh/Library/Developer/Xcode/DerivedData/ModuleCache.noindex -sdk-module-cache-path /Users/tranmanh/Library/Developer/Xcode/DerivedData/ModuleCache.noindex -serialize-diagnostics -emit-dependencies -emit-module -emit-module-path /Users/tranmanh/Desktop/LEARN/code/VibeReal/Build/Intermediates.noindex/VibeReal.build/Debug-iphoneos/VibeReal.build/Objects-normal/arm64/VibeReal.swiftmodule -validate-clang-modules-once -clang-build-session-file /Users/tranmanh/Library/Developer/Xcode/DerivedData/ModuleCache.noindex/Session.modulevalidation -Xcc -I/Users/tranmanh/Desktop/LEARN/code/VibeReal/Build/Intermediates.noindex/VibeReal.build/Debug-iphoneos/VibeReal.build/swift-overrides.hmap -emit-const-values -Xfrontend -const-gather-protocols-file -Xfrontend /Users/tranmanh/Desktop/LEARN/code/VibeReal/Build/Intermediates.noindex/VibeReal.build/Debug-iphoneos/VibeReal.build/Objects-normal/arm64/VibeReal_const_extract_protocols.json -Xcc -iquote -Xcc /Users/tranmanh/Desktop/LEARN/code/VibeReal/Build/Intermediates.noindex/VibeReal.build/Debug-iphoneos/VibeReal.build/VibeReal-generated-files.hmap -Xcc -I/Users/tranmanh/Desktop/LEARN/code/VibeReal/Build/Intermediates.noindex/VibeReal.build/Debug-iphoneos/VibeReal.build/VibeReal-own-target-headers.hmap -Xcc -I/Users/tranmanh/Desktop/LEARN/code/VibeReal/Build/Intermediates.noindex/VibeReal.build/Debug-iphoneos/VibeReal.build/VibeReal-all-non-framework-target-headers.hmap -Xcc -ivfsoverlay -Xcc /Users/tranmanh/Desktop/LEARN/code/VibeReal/Build/Intermediates.noindex/VibeReal.build/Debug-iphoneos/VibeReal-353f0c53502bcb61114956b40a1ff005-VFS-iphoneos/all-product-headers.yaml -Xcc -iquote -Xcc /Users/tranmanh/Desktop/LEARN/code/VibeReal/Build/Intermediates.noindex/VibeReal.build/Debug-iphoneos/VibeReal.build/VibeReal-project-headers.hmap -Xcc -I/Users/tranmanh/Desktop/LEARN/code/VibeReal/Build/Products/Debug-iphoneos/include -Xcc -I/Users/tranmanh/Desktop/LEARN/code/VibeReal/Build/Intermediates.noindex/VibeReal.build/Debug-iphoneos/VibeReal.build/DerivedSources-normal/arm64 -Xcc -I/Users/tranmanh/Desktop/LEARN/code/VibeReal/Build/Intermediates.noindex/VibeReal.build/Debug-iphoneos/VibeReal.build/DerivedSources/arm64 -Xcc -I/Users/tranmanh/Desktop/LEARN/code/VibeReal/Build/Intermediates.noindex/VibeReal.build/Debug-iphoneos/VibeReal.build/DerivedSources -Xcc -DDEBUG\=1 -emit-objc-header -emit-objc-header-path /Users/tranmanh/Desktop/LEARN/code/VibeReal/Build/Intermediates.noindex/VibeReal.build/Debug-iphoneos/VibeReal.build/Objects-normal/arm64/VibeReal-Swift.h -working-directory /Users/tranmanh/Desktop/LEARN/code/VibeReal -experimental-emit-module-separately -disable-cmo

Copy /Users/tranmanh/Desktop/LEARN/code/VibeReal/Build/Products/Debug-iphoneos/VibeReal.swiftmodule/arm64-apple-ios.swiftmodule /Users/tranmanh/Desktop/LEARN/code/VibeReal/Build/Intermediates.noindex/VibeReal.build/Debug-iphoneos/VibeReal.build/Objects-normal/arm64/VibeReal.swiftmodule (in target 'VibeReal' from project 'VibeReal')
    cd /Users/tranmanh/Desktop/LEARN/code/VibeReal
    builtin-copy -exclude .DS_Store -exclude CVS -exclude .svn -exclude .git -exclude .hg -resolve-src-symlinks -rename /Users/tranmanh/Desktop/LEARN/code/VibeReal/Build/Intermediates.noindex/VibeReal.build/Debug-iphoneos/VibeReal.build/Objects-normal/arm64/VibeReal.swiftmodule /Users/tranmanh/Desktop/LEARN/code/VibeReal/Build/Products/Debug-iphoneos/VibeReal.swiftmodule/arm64-apple-ios.swiftmodule

Copy /Users/tranmanh/Desktop/LEARN/code/VibeReal/Build/Products/Debug-iphoneos/VibeReal.swiftmodule/Project/arm64-apple-ios.swiftsourceinfo /Users/tranmanh/Desktop/LEARN/code/VibeReal/Build/Intermediates.noindex/VibeReal.build/Debug-iphoneos/VibeReal.build/Objects-normal/arm64/VibeReal.swiftsourceinfo (in target 'VibeReal' from project 'VibeReal')
    cd /Users/tranmanh/Desktop/LEARN/code/VibeReal
    builtin-copy -exclude .DS_Store -exclude CVS -exclude .svn -exclude .git -exclude .hg -resolve-src-symlinks -rename /Users/tranmanh/Desktop/LEARN/code/VibeReal/Build/Intermediates.noindex/VibeReal.build/Debug-iphoneos/VibeReal.build/Objects-normal/arm64/VibeReal.swiftsourceinfo /Users/tranmanh/Desktop/LEARN/code/VibeReal/Build/Products/Debug-iphoneos/VibeReal.swiftmodule/Project/arm64-apple-ios.swiftsourceinfo

Copy /Users/tranmanh/Desktop/LEARN/code/VibeReal/Build/Products/Debug-iphoneos/VibeReal.swiftmodule/arm64-apple-ios.abi.json /Users/tranmanh/Desktop/LEARN/code/VibeReal/Build/Intermediates.noindex/VibeReal.build/Debug-iphoneos/VibeReal.build/Objects-normal/arm64/VibeReal.abi.json (in target 'VibeReal' from project 'VibeReal')
    cd /Users/tranmanh/Desktop/LEARN/code/VibeReal
    builtin-copy -exclude .DS_Store -exclude CVS -exclude .svn -exclude .git -exclude .hg -resolve-src-symlinks -rename /Users/tranmanh/Desktop/LEARN/code/VibeReal/Build/Intermediates.noindex/VibeReal.build/Debug-iphoneos/VibeReal.build/Objects-normal/arm64/VibeReal.abi.json /Users/tranmanh/Desktop/LEARN/code/VibeReal/Build/Products/Debug-iphoneos/VibeReal.swiftmodule/arm64-apple-ios.abi.json

SwiftDriverJobDiscovery normal arm64 Compiling ContentView.swift (in target 'VibeReal' from project 'VibeReal')

SwiftCompile normal arm64 Compiling\ VibeRealApp.swift /Users/tranmanh/Desktop/LEARN/code/VibeReal/VibeReal/VibeRealApp.swift (in target 'VibeReal' from project 'VibeReal')

SwiftCompile normal arm64 /Users/tranmanh/Desktop/LEARN/code/VibeReal/VibeReal/VibeRealApp.swift (in target 'VibeReal' from project 'VibeReal')
    cd /Users/tranmanh/Desktop/LEARN/code/VibeReal
    

SwiftDriverJobDiscovery normal arm64 Compiling VibeRealApp.swift (in target 'VibeReal' from project 'VibeReal')

SwiftDriver\ Compilation VibeReal normal arm64 com.apple.xcode.tools.swift.compiler (in target 'VibeReal' from project 'VibeReal')
    cd /Users/tranmanh/Desktop/LEARN/code/VibeReal
    builtin-Swift-Compilation -- /Applications/Xcode.app/Contents/Developer/Toolchains/XcodeDefault.xctoolchain/usr/bin/swiftc -module-name VibeReal -Onone -enforce-exclusivity\=checked @/Users/tranmanh/Desktop/LEARN/code/VibeReal/Build/Intermediates.noindex/VibeReal.build/Debug-iphoneos/VibeReal.build/Objects-normal/arm64/VibeReal.SwiftFileList -DDEBUG -default-isolation\=MainActor -enable-bare-slash-regex -enable-upcoming-feature DisableOutwardActorInference -enable-upcoming-feature InferSendableFromCaptures -enable-upcoming-feature GlobalActorIsolatedTypesUsability -enable-upcoming-feature MemberImportVisibility -enable-upcoming-feature InferIsolatedConformances -enable-upcoming-feature NonisolatedNonsendingByDefault -enable-experimental-feature DebugDescriptionMacro -sdk /Applications/Xcode.app/Contents/Developer/Platforms/iPhoneOS.platform/Developer/SDKs/iPhoneOS26.2.sdk -target arm64-apple-ios17.0 -g -module-cache-path /Users/tranmanh/Library/Developer/Xcode/DerivedData/ModuleCache.noindex -Xfrontend -serialize-debugging-options -profile-coverage-mapping -profile-generate -enable-testing -index-store-path /Users/tranmanh/Library/Developer/Xcode/DerivedData/VibeReal-fhmrblershmhyqgwbnzhmphodnbi/Index.noindex/DataStore -Xcc -D_LIBCPP_HARDENING_MODE\=_LIBCPP_HARDENING_MODE_DEBUG -swift-version 5 -I /Users/tranmanh/Desktop/LEARN/code/VibeReal/Build/Products/Debug-iphoneos -F /Users/tranmanh/Desktop/LEARN/code/VibeReal/Build/Products/Debug-iphoneos/PackageFrameworks -F /Users/tranmanh/Desktop/LEARN/code/VibeReal/Build/Products/Debug-iphoneos/PackageFrameworks -F /Users/tranmanh/Desktop/LEARN/code/VibeReal/Build/Products/Debug-iphoneos/PackageFrameworks -F /Users/tranmanh/Desktop/LEARN/code/VibeReal/Build/Products/Debug-iphoneos/PackageFrameworks -F /Users/tranmanh/Desktop/LEARN/code/VibeReal/Build/Products/Debug-iphoneos/PackageFrameworks -F /Users/tranmanh/Desktop/LEARN/code/VibeReal/Build/Products/Debug-iphoneos/PackageFrameworks -F /Users/tranmanh/Desktop/LEARN/code/VibeReal/Build/Products/Debug-iphoneos -emit-localized-strings -emit-localized-strings-path /Users/tranmanh/Desktop/LEARN/code/VibeReal/Build/Intermediates.noindex/VibeReal.build/Debug-iphoneos/VibeReal.build/Objects-normal/arm64 -c -j8 -enable-batch-mode -incremental -Xcc -ivfsstatcache -Xcc /Users/tranmanh/Library/Developer/Xcode/DerivedData/SDKStatCaches.noindex/iphoneos26.2-23C53-3794476bd08197c3e2abd9bb477ef7f7.sdkstatcache -output-file-map /Users/tranmanh/Desktop/LEARN/code/VibeReal/Build/Intermediates.noindex/VibeReal.build/Debug-iphoneos/VibeReal.build/Objects-normal/arm64/VibeReal-OutputFileMap.json -use-frontend-parseable-output -save-temps -no-color-diagnostics -explicit-module-build -module-cache-path /Users/tranmanh/Desktop/LEARN/code/VibeReal/Build/Intermediates.noindex/SwiftExplicitPrecompiledModules -clang-scanner-module-cache-path /Users/tranmanh/Library/Developer/Xcode/DerivedData/ModuleCache.noindex -sdk-module-cache-path /Users/tranmanh/Library/Developer/Xcode/DerivedData/ModuleCache.noindex -serialize-diagnostics -emit-dependencies -emit-module -emit-module-path /Users/tranmanh/Desktop/LEARN/code/VibeReal/Build/Intermediates.noindex/VibeReal.build/Debug-iphoneos/VibeReal.build/Objects-normal/arm64/VibeReal.swiftmodule -validate-clang-modules-once -clang-build-session-file /Users/tranmanh/Library/Developer/Xcode/DerivedData/ModuleCache.noindex/Session.modulevalidation -Xcc -I/Users/tranmanh/Desktop/LEARN/code/VibeReal/Build/Intermediates.noindex/VibeReal.build/Debug-iphoneos/VibeReal.build/swift-overrides.hmap -emit-const-values -Xfrontend -const-gather-protocols-file -Xfrontend /Users/tranmanh/Desktop/LEARN/code/VibeReal/Build/Intermediates.noindex/VibeReal.build/Debug-iphoneos/VibeReal.build/Objects-normal/arm64/VibeReal_const_extract_protocols.json -Xcc -iquote -Xcc /Users/tranmanh/Desktop/LEARN/code/VibeReal/Build/Intermediates.noindex/VibeReal.build/Debug-iphoneos/VibeReal.build/VibeReal-generated-files.hmap -Xcc -I/Users/tranmanh/Desktop/LEARN/code/VibeReal/Build/Intermediates.noindex/VibeReal.build/Debug-iphoneos/VibeReal.build/VibeReal-own-target-headers.hmap -Xcc -I/Users/tranmanh/Desktop/LEARN/code/VibeReal/Build/Intermediates.noindex/VibeReal.build/Debug-iphoneos/VibeReal.build/VibeReal-all-non-framework-target-headers.hmap -Xcc -ivfsoverlay -Xcc /Users/tranmanh/Desktop/LEARN/code/VibeReal/Build/Intermediates.noindex/VibeReal.build/Debug-iphoneos/VibeReal-353f0c53502bcb61114956b40a1ff005-VFS-iphoneos/all-product-headers.yaml -Xcc -iquote -Xcc /Users/tranmanh/Desktop/LEARN/code/VibeReal/Build/Intermediates.noindex/VibeReal.build/Debug-iphoneos/VibeReal.build/VibeReal-project-headers.hmap -Xcc -I/Users/tranmanh/Desktop/LEARN/code/VibeReal/Build/Products/Debug-iphoneos/include -Xcc -I/Users/tranmanh/Desktop/LEARN/code/VibeReal/Build/Intermediates.noindex/VibeReal.build/Debug-iphoneos/VibeReal.build/DerivedSources-normal/arm64 -Xcc -I/Users/tranmanh/Desktop/LEARN/code/VibeReal/Build/Intermediates.noindex/VibeReal.build/Debug-iphoneos/VibeReal.build/DerivedSources/arm64 -Xcc -I/Users/tranmanh/Desktop/LEARN/code/VibeReal/Build/Intermediates.noindex/VibeReal.build/Debug-iphoneos/VibeReal.build/DerivedSources -Xcc -DDEBUG\=1 -emit-objc-header -emit-objc-header-path /Users/tranmanh/Desktop/LEARN/code/VibeReal/Build/Intermediates.noindex/VibeReal.build/Debug-iphoneos/VibeReal.build/Objects-normal/arm64/VibeReal-Swift.h -working-directory /Users/tranmanh/Desktop/LEARN/code/VibeReal -experimental-emit-module-separately -disable-cmo

Ld /Users/tranmanh/Desktop/LEARN/code/VibeReal/Build/Products/Debug-iphoneos/VibeReal.app/VibeReal.debug.dylib normal (in target 'VibeReal' from project 'VibeReal')
    cd /Users/tranmanh/Desktop/LEARN/code/VibeReal
    /Applications/Xcode.app/Contents/Developer/Toolchains/XcodeDefault.xctoolchain/usr/bin/clang -Xlinker -reproducible -target arm64-apple-ios17.0 -dynamiclib -isysroot /Applications/Xcode.app/Contents/Developer/Platforms/iPhoneOS.platform/Developer/SDKs/iPhoneOS26.2.sdk -O0 -L/Users/tranmanh/Desktop/LEARN/code/VibeReal/Build/Intermediates.noindex/EagerLinkingTBDs/Debug-iphoneos -L/Users/tranmanh/Desktop/LEARN/code/VibeReal/Build/Products/Debug-iphoneos -F/Users/tranmanh/Desktop/LEARN/code/VibeReal/Build/Intermediates.noindex/EagerLinkingTBDs/Debug-iphoneos -F/Users/tranmanh/Desktop/LEARN/code/VibeReal/Build/Products/Debug-iphoneos/PackageFrameworks -F/Users/tranmanh/Desktop/LEARN/code/VibeReal/Build/Products/Debug-iphoneos/PackageFrameworks -F/Users/tranmanh/Desktop/LEARN/code/VibeReal/Build/Products/Debug-iphoneos/PackageFrameworks -F/Users/tranmanh/Desktop/LEARN/code/VibeReal/Build/Products/Debug-iphoneos/PackageFrameworks -F/Users/tranmanh/Desktop/LEARN/code/VibeReal/Build/Products/Debug-iphoneos/PackageFrameworks -F/Users/tranmanh/Desktop/LEARN/code/VibeReal/Build/Products/Debug-iphoneos/PackageFrameworks -F/Users/tranmanh/Desktop/LEARN/code/VibeReal/Build/Products/Debug-iphoneos -filelist /Users/tranmanh/Desktop/LEARN/code/VibeReal/Build/Intermediates.noindex/VibeReal.build/Debug-iphoneos/VibeReal.build/Objects-normal/arm64/VibeReal.LinkFileList -install_name @rpath/VibeReal.debug.dylib -Xlinker -rpath -Xlinker /usr/lib/swift -Xlinker -rpath -Xlinker /Users/tranmanh/Desktop/LEARN/code/VibeReal/Build/Products/Debug-iphoneos/PackageFrameworks -Xlinker -rpath -Xlinker @executable_path/Frameworks -dead_strip -Xlinker -object_path_lto -Xlinker /Users/tranmanh/Desktop/LEARN/code/VibeReal/Build/Intermediates.noindex/VibeReal.build/Debug-iphoneos/VibeReal.build/Objects-normal/arm64/VibeReal_lto.o -rdynamic -Xlinker -no_deduplicate -Xlinker -debug_variant -Xlinker -dependency_info -Xlinker /Users/tranmanh/Desktop/LEARN/code/VibeReal/Build/Intermediates.noindex/VibeReal.build/Debug-iphoneos/VibeReal.build/Objects-normal/arm64/VibeReal_dependency_info.dat -fobjc-link-runtime -fprofile-instr-generate -L/Applications/Xcode.app/Contents/Developer/Toolchains/XcodeDefault.xctoolchain/usr/lib/swift/iphoneos -L/usr/lib/swift -Xlinker -add_ast_path -Xlinker /Users/tranmanh/Desktop/LEARN/code/VibeReal/Build/Intermediates.noindex/VibeReal.build/Debug-iphoneos/VibeReal.build/Objects-normal/arm64/VibeReal.swiftmodule @/Users/tranmanh/Desktop/LEARN/code/VibeReal/Build/Intermediates.noindex/VibeReal.build/Debug-iphoneos/VibeReal.build/Objects-normal/arm64/VibeReal-linker-args.resp -Wl,-no_warn_duplicate_libraries -Wl,-no_warn_duplicate_libraries -Wl,-no_warn_duplicate_libraries -Wl,-no_warn_duplicate_libraries -Wl,-no_warn_duplicate_libraries -Wl,-no_warn_duplicate_libraries -Xlinker -alias -Xlinker _main -Xlinker ___debug_main_executable_dylib_entry_point -Xlinker -no_adhoc_codesign -o /Users/tranmanh/Desktop/LEARN/code/VibeReal/Build/Products/Debug-iphoneos/VibeReal.app/VibeReal.debug.dylib -Xlinker -add_ast_path -Xlinker /Users/tranmanh/Desktop/LEARN/code/VibeReal/Build/Intermediates.noindex/whisperkit.build/Debug-iphoneos/WhisperKit.build/Objects-normal/arm64/WhisperKit.swiftmodule @/Users/tranmanh/Desktop/LEARN/code/VibeReal/Build/Intermediates.noindex/whisperkit.build/Debug-iphoneos/WhisperKit.build/Objects-normal/arm64/WhisperKit-linker-args.resp -Xlinker -add_ast_path -Xlinker /Users/tranmanh/Desktop/LEARN/code/VibeReal/Build/Intermediates.noindex/swift-transformers.build/Debug-iphoneos/Hub.build/Objects-normal/arm64/Hub.swiftmodule @/Users/tranmanh/Desktop/LEARN/code/VibeReal/Build/Intermediates.noindex/swift-transformers.build/Debug-iphoneos/Hub.build/Objects-normal/arm64/Hub-linker-args.resp -Xlinker -add_ast_path -Xlinker /Users/tranmanh/Desktop/LEARN/code/VibeReal/Build/Intermediates.noindex/Jinja.build/Debug-iphoneos/Jinja.build/Objects-normal/arm64/Jinja.swiftmodule @/Users/tranmanh/Desktop/LEARN/code/VibeReal/Build/Intermediates.noindex/Jinja.build/Debug-iphoneos/Jinja.build/Objects-normal/arm64/Jinja-linker-args.resp -Xlinker -add_ast_path -Xlinker /Users/tranmanh/Desktop/LEARN/code/VibeReal/Build/Intermediates.noindex/swift-collections.build/Debug-iphoneos/OrderedCollections.build/Objects-normal/arm64/OrderedCollections.swiftmodule @/Users/tranmanh/Desktop/LEARN/code/VibeReal/Build/Intermediates.noindex/swift-collections.build/Debug-iphoneos/OrderedCollections.build/Objects-normal/arm64/OrderedCollections-linker-args.resp -Xlinker -add_ast_path -Xlinker /Users/tranmanh/Desktop/LEARN/code/VibeReal/Build/Intermediates.noindex/swift-collections.build/Debug-iphoneos/InternalCollectionsUtilities.build/Objects-normal/arm64/InternalCollectionsUtilities.swiftmodule @/Users/tranmanh/Desktop/LEARN/code/VibeReal/Build/Intermediates.noindex/swift-collections.build/Debug-iphoneos/InternalCollectionsUtilities.build/Objects-normal/arm64/InternalCollectionsUtilities-linker-args.resp -Xlinker -add_ast_path -Xlinker /Users/tranmanh/Desktop/LEARN/code/VibeReal/Build/Intermediates.noindex/swift-transformers.build/Debug-iphoneos/Tokenizers.build/Objects-normal/arm64/Tokenizers.swiftmodule @/Users/tranmanh/Desktop/LEARN/code/VibeReal/Build/Intermediates.noindex/swift-transformers.build/Debug-iphoneos/Tokenizers.build/Objects-normal/arm64/Tokenizers-linker-args.resp

ConstructStubExecutorLinkFileList /Users/tranmanh/Desktop/LEARN/code/VibeReal/Build/Intermediates.noindex/VibeReal.build/Debug-iphoneos/VibeReal.build/VibeReal-ExecutorLinkFileList-normal-arm64.txt (in target 'VibeReal' from project 'VibeReal')
    cd /Users/tranmanh/Desktop/LEARN/code/VibeReal
    construct-stub-executor-link-file-list /Users/tranmanh/Desktop/LEARN/code/VibeReal/Build/Products/Debug-iphoneos/VibeReal.app/VibeReal.debug.dylib /Applications/Xcode.app/Contents/Developer/Platforms/iPhoneOS.platform/Developer/usr/lib/libPreviewsJITStubExecutor_no_swift_entry_point.a /Applications/Xcode.app/Contents/Developer/Platforms/iPhoneOS.platform/Developer/usr/lib/libPreviewsJITStubExecutor.a --output /Users/tranmanh/Desktop/LEARN/code/VibeReal/Build/Intermediates.noindex/VibeReal.build/Debug-iphoneos/VibeReal.build/VibeReal-ExecutorLinkFileList-normal-arm64.txt
note: Using stub executor library with Swift entry point. (in target 'VibeReal' from project 'VibeReal')

Ld /Users/tranmanh/Desktop/LEARN/code/VibeReal/Build/Products/Debug-iphoneos/VibeReal.app/VibeReal normal (in target 'VibeReal' from project 'VibeReal')
    cd /Users/tranmanh/Desktop/LEARN/code/VibeReal
    /Applications/Xcode.app/Contents/Developer/Toolchains/XcodeDefault.xctoolchain/usr/bin/clang -Xlinker -reproducible -target arm64-apple-ios17.0 -isysroot /Applications/Xcode.app/Contents/Developer/Platforms/iPhoneOS.platform/Developer/SDKs/iPhoneOS26.2.sdk -O0 -L/Users/tranmanh/Desktop/LEARN/code/VibeReal/Build/Products/Debug-iphoneos -F/Users/tranmanh/Desktop/LEARN/code/VibeReal/Build/Products/Debug-iphoneos/PackageFrameworks -F/Users/tranmanh/Desktop/LEARN/code/VibeReal/Build/Products/Debug-iphoneos/PackageFrameworks -F/Users/tranmanh/Desktop/LEARN/code/VibeReal/Build/Products/Debug-iphoneos/PackageFrameworks -F/Users/tranmanh/Desktop/LEARN/code/VibeReal/Build/Products/Debug-iphoneos/PackageFrameworks -F/Users/tranmanh/Desktop/LEARN/code/VibeReal/Build/Products/Debug-iphoneos/PackageFrameworks -F/Users/tranmanh/Desktop/LEARN/code/VibeReal/Build/Products/Debug-iphoneos/PackageFrameworks -F/Users/tranmanh/Desktop/LEARN/code/VibeReal/Build/Products/Debug-iphoneos -Xlinker -rpath -Xlinker @executable_path -Xlinker -rpath -Xlinker /Users/tranmanh/Desktop/LEARN/code/VibeReal/Build/Products/Debug-iphoneos/PackageFrameworks -Xlinker -rpath -Xlinker @executable_path/Frameworks -rdynamic -Xlinker -no_deduplicate -Xlinker -debug_variant -e ___debug_blank_executor_main -Xlinker -sectcreate -Xlinker __TEXT -Xlinker __debug_dylib -Xlinker /Users/tranmanh/Desktop/LEARN/code/VibeReal/Build/Intermediates.noindex/VibeReal.build/Debug-iphoneos/VibeReal.build/VibeReal-DebugDylibPath-normal-arm64.txt -Xlinker -sectcreate -Xlinker __TEXT -Xlinker __debug_instlnm -Xlinker /Users/tranmanh/Desktop/LEARN/code/VibeReal/Build/Intermediates.noindex/VibeReal.build/Debug-iphoneos/VibeReal.build/VibeReal-DebugDylibInstallName-normal-arm64.txt -Xlinker -filelist -Xlinker /Users/tranmanh/Desktop/LEARN/code/VibeReal/Build/Intermediates.noindex/VibeReal.build/Debug-iphoneos/VibeReal.build/VibeReal-ExecutorLinkFileList-normal-arm64.txt /Users/tranmanh/Desktop/LEARN/code/VibeReal/Build/Products/Debug-iphoneos/VibeReal.app/VibeReal.debug.dylib -Xlinker -no_adhoc_codesign -o /Users/tranmanh/Desktop/LEARN/code/VibeReal/Build/Products/Debug-iphoneos/VibeReal.app/VibeReal

CopySwiftLibs /Users/tranmanh/Desktop/LEARN/code/VibeReal/Build/Products/Debug-iphoneos/VibeReal.app (in target 'VibeReal' from project 'VibeReal')
    cd /Users/tranmanh/Desktop/LEARN/code/VibeReal
    builtin-swiftStdLibTool --copy --verbose --sign 50B7AE3B434F761597D7F6289971E4DAE69491F4 --scan-executable /Users/tranmanh/Desktop/LEARN/code/VibeReal/Build/Products/Debug-iphoneos/VibeReal.app/VibeReal.debug.dylib --scan-folder /Users/tranmanh/Desktop/LEARN/code/VibeReal/Build/Products/Debug-iphoneos/VibeReal.app/Frameworks --scan-folder /Users/tranmanh/Desktop/LEARN/code/VibeReal/Build/Products/Debug-iphoneos/VibeReal.app/PlugIns --scan-folder /Users/tranmanh/Desktop/LEARN/code/VibeReal/Build/Products/Debug-iphoneos/VibeReal.app/SystemExtensions --scan-folder /Users/tranmanh/Desktop/LEARN/code/VibeReal/Build/Products/Debug-iphoneos/VibeReal.app/Extensions --platform iphoneos --toolchain /Applications/Xcode.app/Contents/Developer/Toolchains/XcodeDefault.xctoolchain --destination /Users/tranmanh/Desktop/LEARN/code/VibeReal/Build/Products/Debug-iphoneos/VibeReal.app/Frameworks --strip-bitcode --strip-bitcode-tool /Applications/Xcode.app/Contents/Developer/Toolchains/XcodeDefault.xctoolchain/usr/bin/bitcode_strip --emit-dependency-info /Users/tranmanh/Desktop/LEARN/code/VibeReal/Build/Intermediates.noindex/VibeReal.build/Debug-iphoneos/VibeReal.build/SwiftStdLibToolInputDependencies.dep --filter-for-swift-os --back-deploy-swift-span

ExtractAppIntentsMetadata (in target 'VibeReal' from project 'VibeReal')
    cd /Users/tranmanh/Desktop/LEARN/code/VibeReal
    /Applications/Xcode.app/Contents/Developer/Toolchains/XcodeDefault.xctoolchain/usr/bin/appintentsmetadataprocessor --toolchain-dir /Applications/Xcode.app/Contents/Developer/Toolchains/XcodeDefault.xctoolchain --module-name VibeReal --sdk-root /Applications/Xcode.app/Contents/Developer/Platforms/iPhoneOS.platform/Developer/SDKs/iPhoneOS26.2.sdk --xcode-version 17C52 --platform-family iOS --deployment-target 17.0 --bundle-identifier com.tranducmanh.VibeReal --output /Users/tranmanh/Desktop/LEARN/code/VibeReal/Build/Products/Debug-iphoneos/VibeReal.app --target-triple arm64-apple-ios17.0 --binary-file /Users/tranmanh/Desktop/LEARN/code/VibeReal/Build/Products/Debug-iphoneos/VibeReal.app/VibeReal --dependency-file /Users/tranmanh/Desktop/LEARN/code/VibeReal/Build/Intermediates.noindex/VibeReal.build/Debug-iphoneos/VibeReal.build/Objects-normal/arm64/VibeReal_dependency_info.dat --stringsdata-file /Users/tranmanh/Desktop/LEARN/code/VibeReal/Build/Intermediates.noindex/VibeReal.build/Debug-iphoneos/VibeReal.build/Objects-normal/arm64/ExtractedAppShortcutsMetadata.stringsdata --source-file-list /Users/tranmanh/Desktop/LEARN/code/VibeReal/Build/Intermediates.noindex/VibeReal.build/Debug-iphoneos/VibeReal.build/Objects-normal/arm64/VibeReal.SwiftFileList --metadata-file-list /Users/tranmanh/Desktop/LEARN/code/VibeReal/Build/Intermediates.noindex/VibeReal.build/Debug-iphoneos/VibeReal.build/VibeReal.DependencyMetadataFileList --static-metadata-file-list /Users/tranmanh/Desktop/LEARN/code/VibeReal/Build/Intermediates.noindex/VibeReal.build/Debug-iphoneos/VibeReal.build/VibeReal.DependencyStaticMetadataFileList --swift-const-vals-list /Users/tranmanh/Desktop/LEARN/code/VibeReal/Build/Intermediates.noindex/VibeReal.build/Debug-iphoneos/VibeReal.build/Objects-normal/arm64/VibeReal.SwiftConstValuesFileList --compile-time-extraction --deployment-aware-processing --validate-assistant-intents --no-app-shortcuts-localization
2026-02-10 15:46:44.030 appintentsmetadataprocessor[40118:425222] Starting appintentsmetadataprocessor export
2026-02-10 15:46:44.032 appintentsmetadataprocessor[40118:425222] warning: Metadata extraction skipped. No AppIntents.framework dependency found.

AppIntentsSSUTraining (in target 'VibeReal' from project 'VibeReal')
    cd /Users/tranmanh/Desktop/LEARN/code/VibeReal
    /Applications/Xcode.app/Contents/Developer/Toolchains/XcodeDefault.xctoolchain/usr/bin/appintentsnltrainingprocessor --infoplist-path /Users/tranmanh/Desktop/LEARN/code/VibeReal/Build/Products/Debug-iphoneos/VibeReal.app/Info.plist --temp-dir-path /Users/tranmanh/Desktop/LEARN/code/VibeReal/Build/Intermediates.noindex/VibeReal.build/Debug-iphoneos/VibeReal.build/ssu --bundle-id com.tranducmanh.VibeReal --product-path /Users/tranmanh/Desktop/LEARN/code/VibeReal/Build/Products/Debug-iphoneos/VibeReal.app --extracted-metadata-path /Users/tranmanh/Desktop/LEARN/code/VibeReal/Build/Products/Debug-iphoneos/VibeReal.app/Metadata.appintents --metadata-file-list /Users/tranmanh/Desktop/LEARN/code/VibeReal/Build/Intermediates.noindex/VibeReal.build/Debug-iphoneos/VibeReal.build/VibeReal.DependencyMetadataFileList --archive-ssu-assets
2026-02-10 15:46:44.052 appintentsnltrainingprocessor[40119:425223] Parsing options for appintentsnltrainingprocessor
2026-02-10 15:46:44.053 appintentsnltrainingprocessor[40119:425223] No AppShortcuts found - Skipping.

CodeSign /Users/tranmanh/Desktop/LEARN/code/VibeReal/Build/Products/Debug-iphoneos/VibeReal.app/VibeReal.debug.dylib (in target 'VibeReal' from project 'VibeReal')
    cd /Users/tranmanh/Desktop/LEARN/code/VibeReal
    
    Signing Identity:     "Apple Development: skyblue.manh@gmail.com (87SMS2LJ5N)"
    Provisioning Profile: "iOS Team Provisioning Profile: com.tranducmanh.VibeReal"
                          (9a66c7a0-3bbb-446e-a9fb-ba80e9c90d0a)
    
    /usr/bin/codesign --force --sign 50B7AE3B434F761597D7F6289971E4DAE69491F4 --timestamp\=none --generate-entitlement-der /Users/tranmanh/Desktop/LEARN/code/VibeReal/Build/Products/Debug-iphoneos/VibeReal.app/VibeReal.debug.dylib

CodeSign /Users/tranmanh/Desktop/LEARN/code/VibeReal/Build/Products/Debug-iphoneos/VibeReal.app/__preview.dylib (in target 'VibeReal' from project 'VibeReal')
    cd /Users/tranmanh/Desktop/LEARN/code/VibeReal
    
    Signing Identity:     "Apple Development: skyblue.manh@gmail.com (87SMS2LJ5N)"
    Provisioning Profile: "iOS Team Provisioning Profile: com.tranducmanh.VibeReal"
                          (9a66c7a0-3bbb-446e-a9fb-ba80e9c90d0a)
    
    /usr/bin/codesign --force --sign 50B7AE3B434F761597D7F6289971E4DAE69491F4 --timestamp\=none --generate-entitlement-der /Users/tranmanh/Desktop/LEARN/code/VibeReal/Build/Products/Debug-iphoneos/VibeReal.app/__preview.dylib

CodeSign /Users/tranmanh/Desktop/LEARN/code/VibeReal/Build/Products/Debug-iphoneos/VibeReal.app (in target 'VibeReal' from project 'VibeReal')
    cd /Users/tranmanh/Desktop/LEARN/code/VibeReal
    
    Signing Identity:     "Apple Development: skyblue.manh@gmail.com (87SMS2LJ5N)"
    Provisioning Profile: "iOS Team Provisioning Profile: com.tranducmanh.VibeReal"
                          (9a66c7a0-3bbb-446e-a9fb-ba80e9c90d0a)
    
    /usr/bin/codesign --force --sign 50B7AE3B434F761597D7F6289971E4DAE69491F4 --entitlements /Users/tranmanh/Desktop/LEARN/code/VibeReal/Build/Intermediates.noindex/VibeReal.build/Debug-iphoneos/VibeReal.build/VibeReal.app.xcent --timestamp\=none --generate-entitlement-der /Users/tranmanh/Desktop/LEARN/code/VibeReal/Build/Products/Debug-iphoneos/VibeReal.app

RegisterExecutionPolicyException /Users/tranmanh/Desktop/LEARN/code/VibeReal/Build/Products/Debug-iphoneos/VibeReal.app (in target 'VibeReal' from project 'VibeReal')
    cd /Users/tranmanh/Desktop/LEARN/code/VibeReal
    builtin-RegisterExecutionPolicyException /Users/tranmanh/Desktop/LEARN/code/VibeReal/Build/Products/Debug-iphoneos/VibeReal.app

Validate /Users/tranmanh/Desktop/LEARN/code/VibeReal/Build/Products/Debug-iphoneos/VibeReal.app (in target 'VibeReal' from project 'VibeReal')
    cd /Users/tranmanh/Desktop/LEARN/code/VibeReal
    builtin-validationUtility /Users/tranmanh/Desktop/LEARN/code/VibeReal/Build/Products/Debug-iphoneos/VibeReal.app -shallow-bundle -infoplist-subpath Info.plist

Touch /Users/tranmanh/Desktop/LEARN/code/VibeReal/Build/Products/Debug-iphoneos/VibeReal.app (in target 'VibeReal' from project 'VibeReal')
    cd /Users/tranmanh/Desktop/LEARN/code/VibeReal
    /usr/bin/touch -c /Users/tranmanh/Desktop/LEARN/code/VibeReal/Build/Products/Debug-iphoneos/VibeReal.app

** BUILD SUCCEEDED **

